# project  configured on Wed Aug 19 11:18:45 2015 by
# waf 1.8.0 (abi 98, python 20703f0 on linux2)
# using ./waf configure
#
----------------------------------------
Setting top to
/users/benda12/Emulated_NDN_Testbed_in_ONL/configuration/nfdDataCollection
----------------------------------------
Setting out to
/users/benda12/Emulated_NDN_Testbed_in_ONL/configuration/nfdDataCollection/build
----------------------------------------
Checking for 'g++' (C++ compiler)
find program=['g++', 'c++'] paths=['/users/benda12/bin', '/usr/local/sbin', '/usr/local/bin', '/usr/sbin', '/usr/bin', '/sbin', '/bin', '/usr/games'] var='CXX' -> ['/usr/bin/g++']
find program=['ar'] paths=['/users/benda12/bin', '/usr/local/sbin', '/usr/local/bin', '/usr/sbin', '/usr/bin', '/sbin', '/bin', '/usr/games'] var='AR' -> ['/usr/bin/ar']
/usr/bin/g++
----------------------------------------
Checking allowed flags for c++ compiler
==>

int main(int argc, char **argv) {
	(void)argc; (void)argv;
	return 0;
}

<==
[1/2] [32mcxx: build/.conf_check_4d05f34affdafc25f50a154f0896d226/test.cpp -> build/.conf_check_4d05f34affdafc25f50a154f0896d226/testbuild/test.cpp.1.o
[0m
['/usr/bin/g++', '-Werror', '-std=c++0x', '../test.cpp', '-c', '-o', '/users/benda12/Emulated_NDN_Testbed_in_ONL/configuration/nfdDataCollection/build/.conf_check_4d05f34affdafc25f50a154f0896d226/testbuild/test.cpp.1.o']
[2/2] [33mcxxprogram: build/.conf_check_4d05f34affdafc25f50a154f0896d226/testbuild/test.cpp.1.o -> build/.conf_check_4d05f34affdafc25f50a154f0896d226/testbuild/testprog
[0m
['/usr/bin/g++', 'test.cpp.1.o', '-o', '/users/benda12/Emulated_NDN_Testbed_in_ONL/configuration/nfdDataCollection/build/.conf_check_4d05f34affdafc25f50a154f0896d226/testbuild/testprog', '-Wl,-Bstatic', '-Wl,-Bdynamic']
==>

int main(int argc, char **argv) {
	(void)argc; (void)argv;
	return 0;
}

<==
[1/2] [32mcxx: build/.conf_check_b150c0600ccd48f9dd5ae13ba2d58321/test.cpp -> build/.conf_check_b150c0600ccd48f9dd5ae13ba2d58321/testbuild/test.cpp.1.o
[0m
['/usr/bin/g++', '-Werror', '-std=c++11', '../test.cpp', '-c', '-o', '/users/benda12/Emulated_NDN_Testbed_in_ONL/configuration/nfdDataCollection/build/.conf_check_b150c0600ccd48f9dd5ae13ba2d58321/testbuild/test.cpp.1.o']
err: cc1plus: error: unrecognized command line option ‘-std=c++11’

from /users/benda12/Emulated_NDN_Testbed_in_ONL/configuration/nfdDataCollection: Test does not build: Traceback (most recent call last):
  File "/users/benda12/Emulated_NDN_Testbed_in_ONL/configuration/nfdDataCollection/.waf-1.8.0-094bcb3e7079041614f60222067e94d3/waflib/Tools/c_config.py", line 478, in run_c_code
    bld.compile()
  File "/users/benda12/Emulated_NDN_Testbed_in_ONL/configuration/nfdDataCollection/.waf-1.8.0-094bcb3e7079041614f60222067e94d3/waflib/Build.py", line 182, in compile
    raise Errors.BuildError(self.producer.error)
BuildError: Build failed
 -> task in 'testprog' failed (exit status 1): 
	{task 46410576: cxx test.cpp -> test.cpp.1.o}
['/usr/bin/g++', '-Werror', '-std=c++11', '../test.cpp', '-c', '-o', '/users/benda12/Emulated_NDN_Testbed_in_ONL/configuration/nfdDataCollection/build/.conf_check_b150c0600ccd48f9dd5ae13ba2d58321/testbuild/test.cpp.1.o']

from /users/benda12/Emulated_NDN_Testbed_in_ONL/configuration/nfdDataCollection: The configuration failed
==>

int main(int argc, char **argv) {
	(void)argc; (void)argv;
	return 0;
}

<==
[1/2] [32mcxx: build/.conf_check_f7f9f1e05b2d8fbb1d3f3422f02e4338/test.cpp -> build/.conf_check_f7f9f1e05b2d8fbb1d3f3422f02e4338/testbuild/test.cpp.1.o
[0m
['/usr/bin/g++', '-Werror', '-pedantic', '../test.cpp', '-c', '-o', '/users/benda12/Emulated_NDN_Testbed_in_ONL/configuration/nfdDataCollection/build/.conf_check_f7f9f1e05b2d8fbb1d3f3422f02e4338/testbuild/test.cpp.1.o']
[2/2] [33mcxxprogram: build/.conf_check_f7f9f1e05b2d8fbb1d3f3422f02e4338/testbuild/test.cpp.1.o -> build/.conf_check_f7f9f1e05b2d8fbb1d3f3422f02e4338/testbuild/testprog
[0m
['/usr/bin/g++', 'test.cpp.1.o', '-o', '/users/benda12/Emulated_NDN_Testbed_in_ONL/configuration/nfdDataCollection/build/.conf_check_f7f9f1e05b2d8fbb1d3f3422f02e4338/testbuild/testprog', '-Wl,-Bstatic', '-Wl,-Bdynamic']
==>

int main(int argc, char **argv) {
	(void)argc; (void)argv;
	return 0;
}

<==
[1/2] [32mcxx: build/.conf_check_d7375521bb58a0ab0d5d884bec56acac/test.cpp -> build/.conf_check_d7375521bb58a0ab0d5d884bec56acac/testbuild/test.cpp.1.o
[0m
['/usr/bin/g++', '-Werror', '-Wall', '../test.cpp', '-c', '-o', '/users/benda12/Emulated_NDN_Testbed_in_ONL/configuration/nfdDataCollection/build/.conf_check_d7375521bb58a0ab0d5d884bec56acac/testbuild/test.cpp.1.o']
[2/2] [33mcxxprogram: build/.conf_check_d7375521bb58a0ab0d5d884bec56acac/testbuild/test.cpp.1.o -> build/.conf_check_d7375521bb58a0ab0d5d884bec56acac/testbuild/testprog
[0m
['/usr/bin/g++', 'test.cpp.1.o', '-o', '/users/benda12/Emulated_NDN_Testbed_in_ONL/configuration/nfdDataCollection/build/.conf_check_d7375521bb58a0ab0d5d884bec56acac/testbuild/testprog', '-Wl,-Bstatic', '-Wl,-Bdynamic']
==>

int main(int argc, char **argv) {
	(void)argc; (void)argv;
	return 0;
}

<==
[1/2] [32mcxx: build/.conf_check_5538384ee02ea2751cb1b97c47075932/test.cpp -> build/.conf_check_5538384ee02ea2751cb1b97c47075932/testbuild/test.cpp.1.o
[0m
['/usr/bin/g++', '-Werror', '-Wno-long-long', '../test.cpp', '-c', '-o', '/users/benda12/Emulated_NDN_Testbed_in_ONL/configuration/nfdDataCollection/build/.conf_check_5538384ee02ea2751cb1b97c47075932/testbuild/test.cpp.1.o']
[2/2] [33mcxxprogram: build/.conf_check_5538384ee02ea2751cb1b97c47075932/testbuild/test.cpp.1.o -> build/.conf_check_5538384ee02ea2751cb1b97c47075932/testbuild/testprog
[0m
['/usr/bin/g++', 'test.cpp.1.o', '-o', '/users/benda12/Emulated_NDN_Testbed_in_ONL/configuration/nfdDataCollection/build/.conf_check_5538384ee02ea2751cb1b97c47075932/testbuild/testprog', '-Wl,-Bstatic', '-Wl,-Bdynamic']
==>

int main(int argc, char **argv) {
	(void)argc; (void)argv;
	return 0;
}

<==
[1/2] [32mcxx: build/.conf_check_e68f0843fb067ef44786d12aba8833f4/test.cpp -> build/.conf_check_e68f0843fb067ef44786d12aba8833f4/testbuild/test.cpp.1.o
[0m
['/usr/bin/g++', '-Werror', '-Wno-unneeded-internal-declaration', '../test.cpp', '-c', '-o', '/users/benda12/Emulated_NDN_Testbed_in_ONL/configuration/nfdDataCollection/build/.conf_check_e68f0843fb067ef44786d12aba8833f4/testbuild/test.cpp.1.o']
[2/2] [33mcxxprogram: build/.conf_check_e68f0843fb067ef44786d12aba8833f4/testbuild/test.cpp.1.o -> build/.conf_check_e68f0843fb067ef44786d12aba8833f4/testbuild/testprog
[0m
['/usr/bin/g++', 'test.cpp.1.o', '-o', '/users/benda12/Emulated_NDN_Testbed_in_ONL/configuration/nfdDataCollection/build/.conf_check_e68f0843fb067ef44786d12aba8833f4/testbuild/testprog', '-Wl,-Bstatic', '-Wl,-Bdynamic']
==>

int main(int argc, char **argv) {
	(void)argc; (void)argv;
	return 0;
}

<==
[1/2] [32mcxx: build/.conf_check_690b4679222c78730743311f1160249c/test.cpp -> build/.conf_check_690b4679222c78730743311f1160249c/testbuild/test.cpp.1.o
[0m
['/usr/bin/g++', '-Werror', '-O2', '../test.cpp', '-c', '-o', '/users/benda12/Emulated_NDN_Testbed_in_ONL/configuration/nfdDataCollection/build/.conf_check_690b4679222c78730743311f1160249c/testbuild/test.cpp.1.o']
[2/2] [33mcxxprogram: build/.conf_check_690b4679222c78730743311f1160249c/testbuild/test.cpp.1.o -> build/.conf_check_690b4679222c78730743311f1160249c/testbuild/testprog
[0m
['/usr/bin/g++', 'test.cpp.1.o', '-o', '/users/benda12/Emulated_NDN_Testbed_in_ONL/configuration/nfdDataCollection/build/.conf_check_690b4679222c78730743311f1160249c/testbuild/testprog', '-Wl,-Bstatic', '-Wl,-Bdynamic']
==>

int main(int argc, char **argv) {
	(void)argc; (void)argv;
	return 0;
}

<==
[1/2] [32mcxx: build/.conf_check_352b15d437d8c4ffb021039fce9864df/test.cpp -> build/.conf_check_352b15d437d8c4ffb021039fce9864df/testbuild/test.cpp.1.o
[0m
['/usr/bin/g++', '-Werror', '-g', '../test.cpp', '-c', '-o', '/users/benda12/Emulated_NDN_Testbed_in_ONL/configuration/nfdDataCollection/build/.conf_check_352b15d437d8c4ffb021039fce9864df/testbuild/test.cpp.1.o']
[2/2] [33mcxxprogram: build/.conf_check_352b15d437d8c4ffb021039fce9864df/testbuild/test.cpp.1.o -> build/.conf_check_352b15d437d8c4ffb021039fce9864df/testbuild/testprog
[0m
['/usr/bin/g++', 'test.cpp.1.o', '-o', '/users/benda12/Emulated_NDN_Testbed_in_ONL/configuration/nfdDataCollection/build/.conf_check_352b15d437d8c4ffb021039fce9864df/testbuild/testprog', '-Wl,-Bstatic', '-Wl,-Bdynamic']
-std=c++0x -pedantic -Wall -Wno-long-long -Wno-unneeded-internal-declaration -O2 -g
----------------------------------------
Checking for program 'pkg-config'
/usr/bin/pkg-config
find program=['pkg-config'] paths=['/users/benda12/bin', '/usr/local/sbin', '/usr/local/bin', '/usr/sbin', '/usr/bin', '/sbin', '/bin', '/usr/games'] var='PKGCONFIG' -> ['/usr/bin/pkg-config']
----------------------------------------
Checking for 'libndn-cxx'
['/usr/bin/pkg-config', '--cflags', '--libs', 'libndn-cxx']
out: -fPIC -I/users/benda12/include  -L/users/benda12/lib -lndn-cxx -lboost_system-mt -lboost_filesystem-mt -lboost_date_time-mt -lboost_iostreams-mt -lboost_regex-mt -lboost_program_options-mt -lboost_chrono-mt -lboost_random-mt -lcryptopp -lsqlite3 -lrt -lpthread  

yes
----------------------------------------
Checking boost includes
1.48.0
----------------------------------------
Checking boost libs
Found the boost path in /usr/lib with the libraries:
    /usr/lib/libboost_chrono-mt.a
    /usr/lib/libboost_chrono-mt.so
    /usr/lib/libboost_chrono.a
    /usr/lib/libboost_chrono.so
    /usr/lib/libboost_chrono.so.1.48.0
    /usr/lib/libboost_date_time-mt.a
    /usr/lib/libboost_date_time-mt.so
    /usr/lib/libboost_date_time.a
    /usr/lib/libboost_date_time.so
    /usr/lib/libboost_date_time.so.1.48.0
    /usr/lib/libboost_filesystem-mt.a
    /usr/lib/libboost_filesystem-mt.so
    /usr/lib/libboost_filesystem.a
    /usr/lib/libboost_filesystem.so
    /usr/lib/libboost_filesystem.so.1.48.0
    /usr/lib/libboost_graph-mt.a
    /usr/lib/libboost_graph-mt.so
    /usr/lib/libboost_graph.a
    /usr/lib/libboost_graph.so
    /usr/lib/libboost_graph.so.1.48.0
    /usr/lib/libboost_graph_parallel-mt.a
    /usr/lib/libboost_graph_parallel-mt.so
    /usr/lib/libboost_graph_parallel.a
    /usr/lib/libboost_graph_parallel.so
    /usr/lib/libboost_graph_parallel.so.1.48.0
    /usr/lib/libboost_iostreams-mt.a
    /usr/lib/libboost_iostreams-mt.so
    /usr/lib/libboost_iostreams.a
    /usr/lib/libboost_iostreams.so
    /usr/lib/libboost_iostreams.so.1.46.1
    /usr/lib/libboost_iostreams.so.1.48.0
    /usr/lib/libboost_locale-mt.a
    /usr/lib/libboost_locale-mt.so
    /usr/lib/libboost_locale.a
    /usr/lib/libboost_locale.so
    /usr/lib/libboost_locale.so.1.48.0
    /usr/lib/libboost_math_c99-mt.a
    /usr/lib/libboost_math_c99-mt.so
    /usr/lib/libboost_math_c99.a
    /usr/lib/libboost_math_c99.so
    /usr/lib/libboost_math_c99.so.1.48.0
    /usr/lib/libboost_math_c99f-mt.a
    /usr/lib/libboost_math_c99f-mt.so
    /usr/lib/libboost_math_c99f.a
    /usr/lib/libboost_math_c99f.so
    /usr/lib/libboost_math_c99f.so.1.48.0
    /usr/lib/libboost_math_c99l-mt.a
    /usr/lib/libboost_math_c99l-mt.so
    /usr/lib/libboost_math_c99l.a
    /usr/lib/libboost_math_c99l.so
    /usr/lib/libboost_math_c99l.so.1.48.0
    /usr/lib/libboost_math_tr1-mt.a
    /usr/lib/libboost_math_tr1-mt.so
    /usr/lib/libboost_math_tr1.a
    /usr/lib/libboost_math_tr1.so
    /usr/lib/libboost_math_tr1.so.1.48.0
    /usr/lib/libboost_math_tr1f-mt.a
    /usr/lib/libboost_math_tr1f-mt.so
    /usr/lib/libboost_math_tr1f.a
    /usr/lib/libboost_math_tr1f.so
    /usr/lib/libboost_math_tr1f.so.1.48.0
    /usr/lib/libboost_math_tr1l-mt.a
    /usr/lib/libboost_math_tr1l-mt.so
    /usr/lib/libboost_math_tr1l.a
    /usr/lib/libboost_math_tr1l.so
    /usr/lib/libboost_math_tr1l.so.1.48.0
    /usr/lib/libboost_mpi-mt.a
    /usr/lib/libboost_mpi-mt.so
    /usr/lib/libboost_mpi.a
    /usr/lib/libboost_mpi.so
    /usr/lib/libboost_mpi.so.1.48.0
    /usr/lib/libboost_mpi_python-mt-py27.a
    /usr/lib/libboost_mpi_python-mt-py27.so
    /usr/lib/libboost_mpi_python-mt-py32.a
    /usr/lib/libboost_mpi_python-mt-py32.so
    /usr/lib/libboost_mpi_python-py27.a
    /usr/lib/libboost_mpi_python-py27.so
    /usr/lib/libboost_mpi_python-py27.so.1.48.0
    /usr/lib/libboost_mpi_python-py32.a
    /usr/lib/libboost_mpi_python-py32.so
    /usr/lib/libboost_mpi_python-py32.so.1.48.0
    /usr/lib/libboost_mpi_python.a
    /usr/lib/libboost_mpi_python.so
    /usr/lib/libboost_prg_exec_monitor-mt.a
    /usr/lib/libboost_prg_exec_monitor-mt.so
    /usr/lib/libboost_prg_exec_monitor.a
    /usr/lib/libboost_prg_exec_monitor.so
    /usr/lib/libboost_prg_exec_monitor.so.1.48.0
    /usr/lib/libboost_program_options-mt.a
    /usr/lib/libboost_program_options-mt.so
    /usr/lib/libboost_program_options.a
    /usr/lib/libboost_program_options.so
    /usr/lib/libboost_program_options.so.1.48.0
    /usr/lib/libboost_python-mt-py27.a
    /usr/lib/libboost_python-mt-py27.so
    /usr/lib/libboost_python-mt-py32.a
    /usr/lib/libboost_python-mt-py32.so
    /usr/lib/libboost_python-py27.a
    /usr/lib/libboost_python-py27.so
    /usr/lib/libboost_python-py27.so.1.48.0
    /usr/lib/libboost_python-py32.a
    /usr/lib/libboost_python-py32.so
    /usr/lib/libboost_python-py32.so.1.48.0
    /usr/lib/libboost_python.a
    /usr/lib/libboost_python.so
    /usr/lib/libboost_random-mt.a
    /usr/lib/libboost_random-mt.so
    /usr/lib/libboost_random.a
    /usr/lib/libboost_random.so
    /usr/lib/libboost_random.so.1.48.0
    /usr/lib/libboost_regex-mt.a
    /usr/lib/libboost_regex-mt.so
    /usr/lib/libboost_regex.a
    /usr/lib/libboost_regex.so
    /usr/lib/libboost_regex.so.1.48.0
    /usr/lib/libboost_serialization-mt.a
    /usr/lib/libboost_serialization-mt.so
    /usr/lib/libboost_serialization.a
    /usr/lib/libboost_serialization.so
    /usr/lib/libboost_serialization.so.1.48.0
    /usr/lib/libboost_signals-mt.a
    /usr/lib/libboost_signals-mt.so
    /usr/lib/libboost_signals.a
    /usr/lib/libboost_signals.so
    /usr/lib/libboost_signals.so.1.48.0
    /usr/lib/libboost_system-mt.a
    /usr/lib/libboost_system-mt.so
    /usr/lib/libboost_system.a
    /usr/lib/libboost_system.so
    /usr/lib/libboost_system.so.1.48.0
    /usr/lib/libboost_test_exec_monitor-mt.a
    /usr/lib/libboost_test_exec_monitor.a
    /usr/lib/libboost_thread-mt.a
    /usr/lib/libboost_thread-mt.so
    /usr/lib/libboost_thread.a
    /usr/lib/libboost_thread.so
    /usr/lib/libboost_thread.so.1.48.0
    /usr/lib/libboost_timer-mt.a
    /usr/lib/libboost_timer-mt.so
    /usr/lib/libboost_timer.a
    /usr/lib/libboost_timer.so
    /usr/lib/libboost_timer.so.1.48.0
    /usr/lib/libboost_unit_test_framework-mt.a
    /usr/lib/libboost_unit_test_framework-mt.so
    /usr/lib/libboost_unit_test_framework.a
    /usr/lib/libboost_unit_test_framework.so
    /usr/lib/libboost_unit_test_framework.so.1.48.0
    /usr/lib/libboost_wave-mt.a
    /usr/lib/libboost_wave-mt.so
    /usr/lib/libboost_wave.a
    /usr/lib/libboost_wave.so
    /usr/lib/libboost_wave.so.1.48.0
    /usr/lib/libboost_wserialization-mt.a
    /usr/lib/libboost_wserialization-mt.so
    /usr/lib/libboost_wserialization.a
    /usr/lib/libboost_wserialization.so
    /usr/lib/libboost_wserialization.so.1.48.0
Trying pattern boost_system(-gcc[0-9]{0,3})+(-1_48)+
Trying pattern boost_system(-1_48)+
Trying pattern boost_system(-1_48)+
Trying pattern boost_system(-gcc[0-9]{0,3})+
Trying pattern boost_system
Found boost lib libboost_system-mt.a
ok
----------------------------------------
Checking for boost linkage
==>

#include <boost/system/error_code.hpp>
int main() { boost::system::error_code c; }

<==
[1/2] [32mcxx: build/.conf_check_0e263e90c2449d9643fa57931cb06d6d/test.cpp -> build/.conf_check_0e263e90c2449d9643fa57931cb06d6d/testbuild/test.cpp.1.o
[0m
['/usr/bin/g++', '-std=c++0x', '-pedantic', '-Wall', '-Wno-long-long', '-Wno-unneeded-internal-declaration', '-O2', '-g', '-I/usr/include', '-DHAVE_NDN_CXX=1', '../test.cpp', '-c', '-o', '/users/benda12/Emulated_NDN_Testbed_in_ONL/configuration/nfdDataCollection/build/.conf_check_0e263e90c2449d9643fa57931cb06d6d/testbuild/test.cpp.1.o']
[2/2] [33mcxxprogram: build/.conf_check_0e263e90c2449d9643fa57931cb06d6d/testbuild/test.cpp.1.o -> build/.conf_check_0e263e90c2449d9643fa57931cb06d6d/testbuild/testprog
[0m
['/usr/bin/g++', 'test.cpp.1.o', '-o', '/users/benda12/Emulated_NDN_Testbed_in_ONL/configuration/nfdDataCollection/build/.conf_check_0e263e90c2449d9643fa57931cb06d6d/testbuild/testprog', '-Wl,-Bstatic', '-Wl,-Bdynamic', '-L/usr/lib', '-lboost_system-mt']
ok
