/ndn/edu/umich/script/script/getNfdLogSize.sh: 


/ndn/cn/edu/pku/script/script/getNfdLogSize.sh: 


/ndn/fr/lip6/script/script/getNfdLogSize.sh: 


/ndn/edu/neu/script/script/getNfdLogSize.sh: 


/ndn/edu/memphis/script/script/getNfdLogSize.sh: 


/ndn/edu/colostate/script/script/getNfdLogSize.sh: 


/ndn/edu/ucla/script/script/getNfdLogSize.sh: 


/ndn/edu/arizona/script/script/getNfdLogSize.sh: 


/ndn/edu/umich/script/script/getNfdPid.sh: 
2094

/ndn/cn/edu/pku/script/script/getNfdPid.sh: 
2049

/ndn/fr/lip6/script/script/getNfdPid.sh: 
2075

/ndn/edu/neu/script/script/getNfdPid.sh: 
2029

/ndn/edu/memphis/script/script/getNfdPid.sh: 
2165

/ndn/edu/ucla/script/script/getNfdPid.sh: 
2185

/ndn/edu/colostate/script/script/getNfdPid.sh: 
2023

/ndn/edu/arizona/script/script/getNfdPid.sh: 
2016

/ndn/edu/umich/script/script/getNfdLogSize.sh: 


/ndn/cn/edu/pku/script/script/getNfdLogSize.sh: 


/ndn/fr/lip6/script/script/getNfdLogSize.sh: 


/ndn/edu/neu/script/script/getNfdLogSize.sh: 


/ndn/edu/memphis/script/script/getNfdLogSize.sh: 


/ndn/edu/ucla/script/script/getNfdLogSize.sh: 


/ndn/edu/colostate/script/script/getNfdLogSize.sh: 


/ndn/edu/arizona/script/script/getNfdLogSize.sh: 


/ndn/edu/umich/script/script/getNfdPid.sh: 
2094

/ndn/cn/edu/pku/script/script/getNfdPid.sh: 
2049

/ndn/fr/lip6/script/script/getNfdPid.sh: 
2075

/ndn/edu/neu/script/script/getNfdPid.sh: 
2029

/ndn/edu/memphis/script/script/getNfdPid.sh: 
2165

/ndn/edu/ucla/script/script/getNfdPid.sh: 
2185

/ndn/edu/colostate/script/script/getNfdPid.sh: 
2023

/ndn/edu/arizona/script/script/getNfdPid.sh: 
2016

/ndn/edu/umich/script/script/getNfdLogSize.sh: 


/ndn/cn/edu/pku/script/script/getNfdLogSize.sh: 


/ndn/fr/lip6/script/script/getNfdLogSize.sh: 


/ndn/edu/neu/script/script/getNfdLogSize.sh: 


/ndn/edu/memphis/script/script/getNfdLogSize.sh: 


/ndn/edu/ucla/script/script/getNfdLogSize.sh: 


/ndn/edu/colostate/script/script/getNfdLogSize.sh: 


/ndn/edu/arizona/script/script/getNfdLogSize.sh: 


/ndn/edu/umich/script/script/getNfdPid.sh: 
2094

/ndn/cn/edu/pku/script/script/getNfdPid.sh: 
2049

/ndn/fr/lip6/script/script/getNfdPid.sh: 
2075

/ndn/edu/neu/script/script/getNfdPid.sh: 
2029

/ndn/edu/memphis/script/script/getNfdPid.sh: 
2165

/ndn/edu/ucla/script/script/getNfdPid.sh: 
2185

/ndn/edu/colostate/script/script/getNfdPid.sh: 
2023

/ndn/edu/arizona/script/script/getNfdPid.sh: 
2016

